CRITICAL - 2021-12-06 20:07:14 --> Cannot access offset of type string on string
#0 D:\xampp\htdocs\toko-online\vendor\codeigniter4\framework\system\CodeIgniter.php(824): App\Controllers\c_barang->checkout()
#1 D:\xampp\htdocs\toko-online\vendor\codeigniter4\framework\system\CodeIgniter.php(410): CodeIgniter\CodeIgniter->runController(Object(App\Controllers\c_barang))
#2 D:\xampp\htdocs\toko-online\vendor\codeigniter4\framework\system\CodeIgniter.php(318): CodeIgniter\CodeIgniter->handleRequest(NULL, Object(Config\Cache), false)
#3 D:\xampp\htdocs\toko-online\public\index.php(37): CodeIgniter\CodeIgniter->run()
#4 D:\xampp\htdocs\toko-online\vendor\codeigniter4\framework\system\Commands\Server\rewrite.php(43): require_once('D:\\xampp\\htdocs...')
#5 {main}
CRITICAL - 2021-12-06 20:08:56 --> Cannot access offset of type string on string
#0 D:\xampp\htdocs\toko-online\vendor\codeigniter4\framework\system\CodeIgniter.php(824): App\Controllers\c_barang->checkout()
#1 D:\xampp\htdocs\toko-online\vendor\codeigniter4\framework\system\CodeIgniter.php(410): CodeIgniter\CodeIgniter->runController(Object(App\Controllers\c_barang))
#2 D:\xampp\htdocs\toko-online\vendor\codeigniter4\framework\system\CodeIgniter.php(318): CodeIgniter\CodeIgniter->handleRequest(NULL, Object(Config\Cache), false)
#3 D:\xampp\htdocs\toko-online\public\index.php(37): CodeIgniter\CodeIgniter->run()
#4 D:\xampp\htdocs\toko-online\vendor\codeigniter4\framework\system\Commands\Server\rewrite.php(43): require_once('D:\\xampp\\htdocs...')
#5 {main}
CRITICAL - 2021-12-06 20:09:00 --> Cannot access offset of type string on string
#0 D:\xampp\htdocs\toko-online\vendor\codeigniter4\framework\system\CodeIgniter.php(824): App\Controllers\c_barang->checkout()
#1 D:\xampp\htdocs\toko-online\vendor\codeigniter4\framework\system\CodeIgniter.php(410): CodeIgniter\CodeIgniter->runController(Object(App\Controllers\c_barang))
#2 D:\xampp\htdocs\toko-online\vendor\codeigniter4\framework\system\CodeIgniter.php(318): CodeIgniter\CodeIgniter->handleRequest(NULL, Object(Config\Cache), false)
#3 D:\xampp\htdocs\toko-online\public\index.php(37): CodeIgniter\CodeIgniter->run()
#4 D:\xampp\htdocs\toko-online\vendor\codeigniter4\framework\system\Commands\Server\rewrite.php(43): require_once('D:\\xampp\\htdocs...')
#5 {main}
CRITICAL - 2021-12-06 20:19:24 --> Cannot access protected property CodeIgniterCart\Cart::$cartContents
#0 D:\xampp\htdocs\toko-online\vendor\codeigniter4\framework\system\CodeIgniter.php(824): App\Controllers\c_barang->checkout()
#1 D:\xampp\htdocs\toko-online\vendor\codeigniter4\framework\system\CodeIgniter.php(410): CodeIgniter\CodeIgniter->runController(Object(App\Controllers\c_barang))
#2 D:\xampp\htdocs\toko-online\vendor\codeigniter4\framework\system\CodeIgniter.php(318): CodeIgniter\CodeIgniter->handleRequest(NULL, Object(Config\Cache), false)
#3 D:\xampp\htdocs\toko-online\public\index.php(37): CodeIgniter\CodeIgniter->run()
#4 D:\xampp\htdocs\toko-online\vendor\codeigniter4\framework\system\Commands\Server\rewrite.php(43): require_once('D:\\xampp\\htdocs...')
#5 {main}
CRITICAL - 2021-12-06 20:23:16 --> Call to a member function total() on array
#0 D:\xampp\htdocs\toko-online\vendor\codeigniter4\framework\system\View\View.php(214): include()
#1 D:\xampp\htdocs\toko-online\vendor\codeigniter4\framework\system\View\View.php(217): CodeIgniter\View\View->CodeIgniter\View\{closure}()
#2 D:\xampp\htdocs\toko-online\vendor\codeigniter4\framework\system\Common.php(1097): CodeIgniter\View\View->render('v_cart', Array, true)
#3 D:\xampp\htdocs\toko-online\app\Controllers\c_barang.php(30): view('v_cart', Array)
#4 D:\xampp\htdocs\toko-online\vendor\codeigniter4\framework\system\CodeIgniter.php(824): App\Controllers\c_barang->viewCart()
#5 D:\xampp\htdocs\toko-online\vendor\codeigniter4\framework\system\CodeIgniter.php(410): CodeIgniter\CodeIgniter->runController(Object(App\Controllers\c_barang))
#6 D:\xampp\htdocs\toko-online\vendor\codeigniter4\framework\system\CodeIgniter.php(318): CodeIgniter\CodeIgniter->handleRequest(NULL, Object(Config\Cache), false)
#7 D:\xampp\htdocs\toko-online\public\index.php(37): CodeIgniter\CodeIgniter->run()
#8 D:\xampp\htdocs\toko-online\vendor\codeigniter4\framework\system\Commands\Server\rewrite.php(43): require_once('D:\\xampp\\htdocs...')
#9 {main}
CRITICAL - 2021-12-06 20:26:09 --> Call to a member function total() on array
#0 D:\xampp\htdocs\toko-online\vendor\codeigniter4\framework\system\View\View.php(214): include()
#1 D:\xampp\htdocs\toko-online\vendor\codeigniter4\framework\system\View\View.php(217): CodeIgniter\View\View->CodeIgniter\View\{closure}()
#2 D:\xampp\htdocs\toko-online\vendor\codeigniter4\framework\system\Common.php(1097): CodeIgniter\View\View->render('v_cart', Array, true)
#3 D:\xampp\htdocs\toko-online\app\Controllers\c_barang.php(31): view('v_cart', Array)
#4 D:\xampp\htdocs\toko-online\vendor\codeigniter4\framework\system\CodeIgniter.php(824): App\Controllers\c_barang->viewCart()
#5 D:\xampp\htdocs\toko-online\vendor\codeigniter4\framework\system\CodeIgniter.php(410): CodeIgniter\CodeIgniter->runController(Object(App\Controllers\c_barang))
#6 D:\xampp\htdocs\toko-online\vendor\codeigniter4\framework\system\CodeIgniter.php(318): CodeIgniter\CodeIgniter->handleRequest(NULL, Object(Config\Cache), false)
#7 D:\xampp\htdocs\toko-online\public\index.php(37): CodeIgniter\CodeIgniter->run()
#8 D:\xampp\htdocs\toko-online\vendor\codeigniter4\framework\system\Commands\Server\rewrite.php(43): require_once('D:\\xampp\\htdocs...')
#9 {main}
CRITICAL - 2021-12-06 20:26:11 --> Call to a member function total() on array
#0 D:\xampp\htdocs\toko-online\vendor\codeigniter4\framework\system\View\View.php(214): include()
#1 D:\xampp\htdocs\toko-online\vendor\codeigniter4\framework\system\View\View.php(217): CodeIgniter\View\View->CodeIgniter\View\{closure}()
#2 D:\xampp\htdocs\toko-online\vendor\codeigniter4\framework\system\Common.php(1097): CodeIgniter\View\View->render('v_cart', Array, true)
#3 D:\xampp\htdocs\toko-online\app\Controllers\c_barang.php(31): view('v_cart', Array)
#4 D:\xampp\htdocs\toko-online\vendor\codeigniter4\framework\system\CodeIgniter.php(824): App\Controllers\c_barang->viewCart()
#5 D:\xampp\htdocs\toko-online\vendor\codeigniter4\framework\system\CodeIgniter.php(410): CodeIgniter\CodeIgniter->runController(Object(App\Controllers\c_barang))
#6 D:\xampp\htdocs\toko-online\vendor\codeigniter4\framework\system\CodeIgniter.php(318): CodeIgniter\CodeIgniter->handleRequest(NULL, Object(Config\Cache), false)
#7 D:\xampp\htdocs\toko-online\public\index.php(37): CodeIgniter\CodeIgniter->run()
#8 D:\xampp\htdocs\toko-online\vendor\codeigniter4\framework\system\Commands\Server\rewrite.php(43): require_once('D:\\xampp\\htdocs...')
#9 {main}
CRITICAL - 2021-12-06 20:29:47 --> Call to a member function total() on array
#0 D:\xampp\htdocs\toko-online\vendor\codeigniter4\framework\system\View\View.php(214): include()
#1 D:\xampp\htdocs\toko-online\vendor\codeigniter4\framework\system\View\View.php(217): CodeIgniter\View\View->CodeIgniter\View\{closure}()
#2 D:\xampp\htdocs\toko-online\vendor\codeigniter4\framework\system\Common.php(1097): CodeIgniter\View\View->render('v_cart', Array, true)
#3 D:\xampp\htdocs\toko-online\app\Controllers\c_barang.php(31): view('v_cart', Array)
#4 D:\xampp\htdocs\toko-online\vendor\codeigniter4\framework\system\CodeIgniter.php(824): App\Controllers\c_barang->viewCart()
#5 D:\xampp\htdocs\toko-online\vendor\codeigniter4\framework\system\CodeIgniter.php(410): CodeIgniter\CodeIgniter->runController(Object(App\Controllers\c_barang))
#6 D:\xampp\htdocs\toko-online\vendor\codeigniter4\framework\system\CodeIgniter.php(318): CodeIgniter\CodeIgniter->handleRequest(NULL, Object(Config\Cache), false)
#7 D:\xampp\htdocs\toko-online\public\index.php(37): CodeIgniter\CodeIgniter->run()
#8 D:\xampp\htdocs\toko-online\vendor\codeigniter4\framework\system\Commands\Server\rewrite.php(43): require_once('D:\\xampp\\htdocs...')
#9 {main}
CRITICAL - 2021-12-06 20:29:57 --> Call to a member function total() on array
#0 D:\xampp\htdocs\toko-online\vendor\codeigniter4\framework\system\View\View.php(214): include()
#1 D:\xampp\htdocs\toko-online\vendor\codeigniter4\framework\system\View\View.php(217): CodeIgniter\View\View->CodeIgniter\View\{closure}()
#2 D:\xampp\htdocs\toko-online\vendor\codeigniter4\framework\system\Common.php(1097): CodeIgniter\View\View->render('v_cart', Array, true)
#3 D:\xampp\htdocs\toko-online\app\Controllers\c_barang.php(31): view('v_cart', Array)
#4 D:\xampp\htdocs\toko-online\vendor\codeigniter4\framework\system\CodeIgniter.php(824): App\Controllers\c_barang->viewCart()
#5 D:\xampp\htdocs\toko-online\vendor\codeigniter4\framework\system\CodeIgniter.php(410): CodeIgniter\CodeIgniter->runController(Object(App\Controllers\c_barang))
#6 D:\xampp\htdocs\toko-online\vendor\codeigniter4\framework\system\CodeIgniter.php(318): CodeIgniter\CodeIgniter->handleRequest(NULL, Object(Config\Cache), false)
#7 D:\xampp\htdocs\toko-online\public\index.php(37): CodeIgniter\CodeIgniter->run()
#8 D:\xampp\htdocs\toko-online\vendor\codeigniter4\framework\system\Commands\Server\rewrite.php(43): require_once('D:\\xampp\\htdocs...')
#9 {main}
CRITICAL - 2021-12-06 20:58:01 --> Allowed fields must be specified for model: App\Models\m_penjualan
#0 D:\xampp\htdocs\toko-online\vendor\codeigniter4\framework\system\BaseModel.php(1138): CodeIgniter\Database\Exceptions\DataException::forInvalidAllowedFields('App\\Models\\m_pe...')
#1 D:\xampp\htdocs\toko-online\vendor\codeigniter4\framework\system\BaseModel.php(713): CodeIgniter\BaseModel->doProtectFields(Array)
#2 D:\xampp\htdocs\toko-online\vendor\codeigniter4\framework\system\Model.php(620): CodeIgniter\BaseModel->insert(Array, false)
#3 D:\xampp\htdocs\toko-online\vendor\codeigniter4\framework\system\BaseModel.php(658): CodeIgniter\Model->insert(Array, false)
#4 D:\xampp\htdocs\toko-online\app\Controllers\c_barang.php(81): CodeIgniter\BaseModel->save(Array)
#5 D:\xampp\htdocs\toko-online\vendor\codeigniter4\framework\system\CodeIgniter.php(824): App\Controllers\c_barang->checkout()
#6 D:\xampp\htdocs\toko-online\vendor\codeigniter4\framework\system\CodeIgniter.php(410): CodeIgniter\CodeIgniter->runController(Object(App\Controllers\c_barang))
#7 D:\xampp\htdocs\toko-online\vendor\codeigniter4\framework\system\CodeIgniter.php(318): CodeIgniter\CodeIgniter->handleRequest(NULL, Object(Config\Cache), false)
#8 D:\xampp\htdocs\toko-online\public\index.php(37): CodeIgniter\CodeIgniter->run()
#9 D:\xampp\htdocs\toko-online\vendor\codeigniter4\framework\system\Commands\Server\rewrite.php(43): require_once('D:\\xampp\\htdocs...')
#10 {main}
