CRITICAL - 2021-11-29 18:44:53 --> Invalid file: home.php
#0 D:\xampp\htdocs\toko-online\vendor\codeigniter4\framework\system\View\View.php(198): CodeIgniter\Exceptions\FrameworkException::forInvalidFile('home.php')
#1 D:\xampp\htdocs\toko-online\vendor\codeigniter4\framework\system\Common.php(1097): CodeIgniter\View\View->render('home', Array, true)
#2 D:\xampp\htdocs\toko-online\app\Controllers\Home.php(9): view('home')
#3 D:\xampp\htdocs\toko-online\vendor\codeigniter4\framework\system\CodeIgniter.php(824): App\Controllers\Home->index()
#4 D:\xampp\htdocs\toko-online\vendor\codeigniter4\framework\system\CodeIgniter.php(410): CodeIgniter\CodeIgniter->runController(Object(App\Controllers\Home))
#5 D:\xampp\htdocs\toko-online\vendor\codeigniter4\framework\system\CodeIgniter.php(318): CodeIgniter\CodeIgniter->handleRequest(NULL, Object(Config\Cache), false)
#6 D:\xampp\htdocs\toko-online\public\index.php(37): CodeIgniter\CodeIgniter->run()
#7 D:\xampp\htdocs\toko-online\vendor\codeigniter4\framework\system\Commands\Server\rewrite.php(43): require_once('D:\\xampp\\htdocs...')
#8 {main}
CRITICAL - 2021-11-29 18:45:44 --> Invalid file: home.php
#0 D:\xampp\htdocs\toko-online\vendor\codeigniter4\framework\system\View\View.php(198): CodeIgniter\Exceptions\FrameworkException::forInvalidFile('home.php')
#1 D:\xampp\htdocs\toko-online\vendor\codeigniter4\framework\system\Common.php(1097): CodeIgniter\View\View->render('home', Array, true)
#2 D:\xampp\htdocs\toko-online\app\Controllers\Home.php(9): view('home')
#3 D:\xampp\htdocs\toko-online\vendor\codeigniter4\framework\system\CodeIgniter.php(824): App\Controllers\Home->index()
#4 D:\xampp\htdocs\toko-online\vendor\codeigniter4\framework\system\CodeIgniter.php(410): CodeIgniter\CodeIgniter->runController(Object(App\Controllers\Home))
#5 D:\xampp\htdocs\toko-online\vendor\codeigniter4\framework\system\CodeIgniter.php(318): CodeIgniter\CodeIgniter->handleRequest(NULL, Object(Config\Cache), false)
#6 D:\xampp\htdocs\toko-online\public\index.php(37): CodeIgniter\CodeIgniter->run()
#7 D:\xampp\htdocs\toko-online\vendor\codeigniter4\framework\system\Commands\Server\rewrite.php(43): require_once('D:\\xampp\\htdocs...')
#8 {main}
CRITICAL - 2021-11-29 18:50:59 --> Undefined variable $barang
#0 D:\xampp\htdocs\toko-online\app\Views\v_barang.php(14): CodeIgniter\Debug\Exceptions->errorHandler(2, 'Undefined varia...', 'D:\\xampp\\htdocs...', 14)
#1 D:\xampp\htdocs\toko-online\vendor\codeigniter4\framework\system\View\View.php(214): include('D:\\xampp\\htdocs...')
#2 D:\xampp\htdocs\toko-online\vendor\codeigniter4\framework\system\View\View.php(217): CodeIgniter\View\View->CodeIgniter\View\{closure}()
#3 D:\xampp\htdocs\toko-online\vendor\codeigniter4\framework\system\Common.php(1097): CodeIgniter\View\View->render('v_barang', Array, true)
#4 D:\xampp\htdocs\toko-online\app\Controllers\c_barang.php(9): view('v_barang')
#5 D:\xampp\htdocs\toko-online\vendor\codeigniter4\framework\system\CodeIgniter.php(824): App\Controllers\c_barang->index()
#6 D:\xampp\htdocs\toko-online\vendor\codeigniter4\framework\system\CodeIgniter.php(410): CodeIgniter\CodeIgniter->runController(Object(App\Controllers\c_barang))
#7 D:\xampp\htdocs\toko-online\vendor\codeigniter4\framework\system\CodeIgniter.php(318): CodeIgniter\CodeIgniter->handleRequest(NULL, Object(Config\Cache), false)
#8 D:\xampp\htdocs\toko-online\public\index.php(37): CodeIgniter\CodeIgniter->run()
#9 D:\xampp\htdocs\toko-online\vendor\codeigniter4\framework\system\Commands\Server\rewrite.php(43): require_once('D:\\xampp\\htdocs...')
#10 {main}
CRITICAL - 2021-11-29 19:10:13 --> Undefined property: stdClass::$id_kota
#0 D:\xampp\htdocs\toko-online\app\Views\v_barang.php(26): CodeIgniter\Debug\Exceptions->errorHandler(2, 'Undefined prope...', 'D:\\xampp\\htdocs...', 26)
#1 D:\xampp\htdocs\toko-online\vendor\codeigniter4\framework\system\View\View.php(214): include('D:\\xampp\\htdocs...')
#2 D:\xampp\htdocs\toko-online\vendor\codeigniter4\framework\system\View\View.php(217): CodeIgniter\View\View->CodeIgniter\View\{closure}()
#3 D:\xampp\htdocs\toko-online\vendor\codeigniter4\framework\system\Common.php(1097): CodeIgniter\View\View->render('v_barang', Array, true)
#4 D:\xampp\htdocs\toko-online\app\Controllers\c_barang.php(16): view('v_barang', Array)
#5 D:\xampp\htdocs\toko-online\vendor\codeigniter4\framework\system\CodeIgniter.php(824): App\Controllers\c_barang->index()
#6 D:\xampp\htdocs\toko-online\vendor\codeigniter4\framework\system\CodeIgniter.php(410): CodeIgniter\CodeIgniter->runController(Object(App\Controllers\c_barang))
#7 D:\xampp\htdocs\toko-online\vendor\codeigniter4\framework\system\CodeIgniter.php(318): CodeIgniter\CodeIgniter->handleRequest(NULL, Object(Config\Cache), false)
#8 D:\xampp\htdocs\toko-online\public\index.php(37): CodeIgniter\CodeIgniter->run()
#9 D:\xampp\htdocs\toko-online\vendor\codeigniter4\framework\system\Commands\Server\rewrite.php(43): require_once('D:\\xampp\\htdocs...')
#10 {main}
CRITICAL - 2021-11-29 20:38:09 --> Cannot use object of type CodeIgniterCart\Cart as array
#0 D:\xampp\htdocs\toko-online\vendor\codeigniter4\framework\system\CodeIgniter.php(824): App\Controllers\c_barang->addCart('1')
#1 D:\xampp\htdocs\toko-online\vendor\codeigniter4\framework\system\CodeIgniter.php(410): CodeIgniter\CodeIgniter->runController(Object(App\Controllers\c_barang))
#2 D:\xampp\htdocs\toko-online\vendor\codeigniter4\framework\system\CodeIgniter.php(318): CodeIgniter\CodeIgniter->handleRequest(NULL, Object(Config\Cache), false)
#3 D:\xampp\htdocs\toko-online\public\index.php(37): CodeIgniter\CodeIgniter->run()
#4 D:\xampp\htdocs\toko-online\vendor\codeigniter4\framework\system\Commands\Server\rewrite.php(43): require_once('D:\\xampp\\htdocs...')
#5 {main}
CRITICAL - 2021-11-29 20:40:28 --> Undefined property: CodeIgniterCart\Cart::$array
#0 D:\xampp\htdocs\toko-online\app\Controllers\c_barang.php(32): CodeIgniter\Debug\Exceptions->errorHandler(2, 'Undefined prope...', 'D:\\xampp\\htdocs...', 32)
#1 D:\xampp\htdocs\toko-online\vendor\codeigniter4\framework\system\CodeIgniter.php(824): App\Controllers\c_barang->addCart('1')
#2 D:\xampp\htdocs\toko-online\vendor\codeigniter4\framework\system\CodeIgniter.php(410): CodeIgniter\CodeIgniter->runController(Object(App\Controllers\c_barang))
#3 D:\xampp\htdocs\toko-online\vendor\codeigniter4\framework\system\CodeIgniter.php(318): CodeIgniter\CodeIgniter->handleRequest(NULL, Object(Config\Cache), false)
#4 D:\xampp\htdocs\toko-online\public\index.php(37): CodeIgniter\CodeIgniter->run()
#5 D:\xampp\htdocs\toko-online\vendor\codeigniter4\framework\system\Commands\Server\rewrite.php(43): require_once('D:\\xampp\\htdocs...')
#6 {main}
