CRITICAL - 2021-12-05 00:28:30 --> Call to undefined function form_open()
#0 D:\xampp\htdocs\toko-online\vendor\codeigniter4\framework\system\View\View.php(214): include()
#1 D:\xampp\htdocs\toko-online\vendor\codeigniter4\framework\system\View\View.php(217): CodeIgniter\View\View->CodeIgniter\View\{closure}()
#2 D:\xampp\htdocs\toko-online\vendor\codeigniter4\framework\system\Common.php(1097): CodeIgniter\View\View->render('v_barang', Array, true)
#3 D:\xampp\htdocs\toko-online\app\Controllers\c_barang.php(16): view('v_barang', Array)
#4 D:\xampp\htdocs\toko-online\vendor\codeigniter4\framework\system\CodeIgniter.php(824): App\Controllers\c_barang->index()
#5 D:\xampp\htdocs\toko-online\vendor\codeigniter4\framework\system\CodeIgniter.php(410): CodeIgniter\CodeIgniter->runController(Object(App\Controllers\c_barang))
#6 D:\xampp\htdocs\toko-online\vendor\codeigniter4\framework\system\CodeIgniter.php(318): CodeIgniter\CodeIgniter->handleRequest(NULL, Object(Config\Cache), false)
#7 D:\xampp\htdocs\toko-online\public\index.php(37): CodeIgniter\CodeIgniter->run()
#8 D:\xampp\htdocs\toko-online\vendor\codeigniter4\framework\system\Commands\Server\rewrite.php(43): require_once('D:\\xampp\\htdocs...')
#9 {main}
CRITICAL - 2021-12-05 00:28:33 --> Call to undefined function form_open()
#0 D:\xampp\htdocs\toko-online\vendor\codeigniter4\framework\system\View\View.php(214): include()
#1 D:\xampp\htdocs\toko-online\vendor\codeigniter4\framework\system\View\View.php(217): CodeIgniter\View\View->CodeIgniter\View\{closure}()
#2 D:\xampp\htdocs\toko-online\vendor\codeigniter4\framework\system\Common.php(1097): CodeIgniter\View\View->render('v_barang', Array, true)
#3 D:\xampp\htdocs\toko-online\app\Controllers\c_barang.php(16): view('v_barang', Array)
#4 D:\xampp\htdocs\toko-online\vendor\codeigniter4\framework\system\CodeIgniter.php(824): App\Controllers\c_barang->index()
#5 D:\xampp\htdocs\toko-online\vendor\codeigniter4\framework\system\CodeIgniter.php(410): CodeIgniter\CodeIgniter->runController(Object(App\Controllers\c_barang))
#6 D:\xampp\htdocs\toko-online\vendor\codeigniter4\framework\system\CodeIgniter.php(318): CodeIgniter\CodeIgniter->handleRequest(NULL, Object(Config\Cache), false)
#7 D:\xampp\htdocs\toko-online\public\index.php(37): CodeIgniter\CodeIgniter->run()
#8 D:\xampp\htdocs\toko-online\vendor\codeigniter4\framework\system\Commands\Server\rewrite.php(43): require_once('D:\\xampp\\htdocs...')
#9 {main}
CRITICAL - 2021-12-05 00:28:36 --> Call to undefined function form_open()
#0 D:\xampp\htdocs\toko-online\vendor\codeigniter4\framework\system\View\View.php(214): include()
#1 D:\xampp\htdocs\toko-online\vendor\codeigniter4\framework\system\View\View.php(217): CodeIgniter\View\View->CodeIgniter\View\{closure}()
#2 D:\xampp\htdocs\toko-online\vendor\codeigniter4\framework\system\Common.php(1097): CodeIgniter\View\View->render('v_barang', Array, true)
#3 D:\xampp\htdocs\toko-online\app\Controllers\c_barang.php(16): view('v_barang', Array)
#4 D:\xampp\htdocs\toko-online\vendor\codeigniter4\framework\system\CodeIgniter.php(824): App\Controllers\c_barang->index()
#5 D:\xampp\htdocs\toko-online\vendor\codeigniter4\framework\system\CodeIgniter.php(410): CodeIgniter\CodeIgniter->runController(Object(App\Controllers\c_barang))
#6 D:\xampp\htdocs\toko-online\vendor\codeigniter4\framework\system\CodeIgniter.php(318): CodeIgniter\CodeIgniter->handleRequest(NULL, Object(Config\Cache), false)
#7 D:\xampp\htdocs\toko-online\public\index.php(37): CodeIgniter\CodeIgniter->run()
#8 D:\xampp\htdocs\toko-online\vendor\codeigniter4\framework\system\Commands\Server\rewrite.php(43): require_once('D:\\xampp\\htdocs...')
#9 {main}
CRITICAL - 2021-12-05 01:00:12 --> json_decode(): Argument #1 ($json) must be of type string, array given
#0 D:\xampp\htdocs\toko-online\app\Controllers\c_barang.php(45): json_decode(Array)
#1 D:\xampp\htdocs\toko-online\vendor\codeigniter4\framework\system\CodeIgniter.php(824): App\Controllers\c_barang->cek()
#2 D:\xampp\htdocs\toko-online\vendor\codeigniter4\framework\system\CodeIgniter.php(410): CodeIgniter\CodeIgniter->runController(Object(App\Controllers\c_barang))
#3 D:\xampp\htdocs\toko-online\vendor\codeigniter4\framework\system\CodeIgniter.php(318): CodeIgniter\CodeIgniter->handleRequest(NULL, Object(Config\Cache), false)
#4 D:\xampp\htdocs\toko-online\public\index.php(37): CodeIgniter\CodeIgniter->run()
#5 D:\xampp\htdocs\toko-online\vendor\codeigniter4\framework\system\Commands\Server\rewrite.php(43): require_once('D:\\xampp\\htdocs...')
#6 {main}
CRITICAL - 2021-12-05 01:22:19 --> preg_match(): Argument #2 ($subject) must be of type string, array given
#0 D:\xampp\htdocs\toko-online\vendor\jason-napolitano\codeigniter4-cart-module\src\Cart.php(159): preg_match('/^[\\.a-z0-9_-]+...', Array)
#1 D:\xampp\htdocs\toko-online\vendor\jason-napolitano\codeigniter4-cart-module\src\Cart.php(100): CodeIgniterCart\Cart->_insert(Array)
#2 D:\xampp\htdocs\toko-online\app\Controllers\c_barang.php(33): CodeIgniterCart\Cart->insert(Array)
#3 D:\xampp\htdocs\toko-online\vendor\codeigniter4\framework\system\CodeIgniter.php(824): App\Controllers\c_barang->addCart('1')
#4 D:\xampp\htdocs\toko-online\vendor\codeigniter4\framework\system\CodeIgniter.php(410): CodeIgniter\CodeIgniter->runController(Object(App\Controllers\c_barang))
#5 D:\xampp\htdocs\toko-online\vendor\codeigniter4\framework\system\CodeIgniter.php(318): CodeIgniter\CodeIgniter->handleRequest(NULL, Object(Config\Cache), false)
#6 D:\xampp\htdocs\toko-online\public\index.php(37): CodeIgniter\CodeIgniter->run()
#7 D:\xampp\htdocs\toko-online\vendor\codeigniter4\framework\system\Commands\Server\rewrite.php(43): require_once('D:\\xampp\\htdocs...')
#8 {main}
CRITICAL - 2021-12-05 01:40:26 --> json_decode(): Argument #1 ($json) must be of type string, array given
#0 D:\xampp\htdocs\toko-online\app\Controllers\c_barang.php(45): json_decode(Array)
#1 D:\xampp\htdocs\toko-online\vendor\codeigniter4\framework\system\CodeIgniter.php(824): App\Controllers\c_barang->cek()
#2 D:\xampp\htdocs\toko-online\vendor\codeigniter4\framework\system\CodeIgniter.php(410): CodeIgniter\CodeIgniter->runController(Object(App\Controllers\c_barang))
#3 D:\xampp\htdocs\toko-online\vendor\codeigniter4\framework\system\CodeIgniter.php(318): CodeIgniter\CodeIgniter->handleRequest(NULL, Object(Config\Cache), false)
#4 D:\xampp\htdocs\toko-online\public\index.php(37): CodeIgniter\CodeIgniter->run()
#5 D:\xampp\htdocs\toko-online\vendor\codeigniter4\framework\system\Commands\Server\rewrite.php(43): require_once('D:\\xampp\\htdocs...')
#6 {main}
CRITICAL - 2021-12-05 01:52:35 --> CodeIgniter\Database\BaseResult::getResult(): Argument #1 ($type) must be of type string, null given, called in D:\xampp\htdocs\toko-online\vendor\codeigniter4\framework\system\Model.php on line 184
#0 D:\xampp\htdocs\toko-online\vendor\codeigniter4\framework\system\Model.php(184): CodeIgniter\Database\BaseResult->getResult(NULL)
#1 D:\xampp\htdocs\toko-online\vendor\codeigniter4\framework\system\BaseModel.php(584): CodeIgniter\Model->doFindAll(0, 0)
#2 D:\xampp\htdocs\toko-online\app\Models\m_barang.php(21): CodeIgniter\BaseModel->findAll()
#3 D:\xampp\htdocs\toko-online\app\Controllers\c_barang.php(17): App\Models\m_barang->getDataBarang()
#4 D:\xampp\htdocs\toko-online\vendor\codeigniter4\framework\system\CodeIgniter.php(824): App\Controllers\c_barang->index()
#5 D:\xampp\htdocs\toko-online\vendor\codeigniter4\framework\system\CodeIgniter.php(410): CodeIgniter\CodeIgniter->runController(Object(App\Controllers\c_barang))
#6 D:\xampp\htdocs\toko-online\vendor\codeigniter4\framework\system\CodeIgniter.php(318): CodeIgniter\CodeIgniter->handleRequest(NULL, Object(Config\Cache), false)
#7 D:\xampp\htdocs\toko-online\public\index.php(37): CodeIgniter\CodeIgniter->run()
#8 D:\xampp\htdocs\toko-online\vendor\codeigniter4\framework\system\Commands\Server\rewrite.php(43): require_once('D:\\xampp\\htdocs...')
#9 {main}
CRITICAL - 2021-12-05 01:55:50 --> CodeIgniter\Database\BaseResult::getResult(): Argument #1 ($type) must be of type string, null given, called in D:\xampp\htdocs\toko-online\vendor\codeigniter4\framework\system\Model.php on line 184
#0 D:\xampp\htdocs\toko-online\vendor\codeigniter4\framework\system\Model.php(184): CodeIgniter\Database\BaseResult->getResult(NULL)
#1 D:\xampp\htdocs\toko-online\vendor\codeigniter4\framework\system\BaseModel.php(584): CodeIgniter\Model->doFindAll(0, 0)
#2 D:\xampp\htdocs\toko-online\app\Models\m_barang.php(21): CodeIgniter\BaseModel->findAll()
#3 D:\xampp\htdocs\toko-online\app\Controllers\c_barang.php(17): App\Models\m_barang->getDataBarang()
#4 D:\xampp\htdocs\toko-online\vendor\codeigniter4\framework\system\CodeIgniter.php(824): App\Controllers\c_barang->index()
#5 D:\xampp\htdocs\toko-online\vendor\codeigniter4\framework\system\CodeIgniter.php(410): CodeIgniter\CodeIgniter->runController(Object(App\Controllers\c_barang))
#6 D:\xampp\htdocs\toko-online\vendor\codeigniter4\framework\system\CodeIgniter.php(318): CodeIgniter\CodeIgniter->handleRequest(NULL, Object(Config\Cache), false)
#7 D:\xampp\htdocs\toko-online\public\index.php(37): CodeIgniter\CodeIgniter->run()
#8 D:\xampp\htdocs\toko-online\vendor\codeigniter4\framework\system\Commands\Server\rewrite.php(43): require_once('D:\\xampp\\htdocs...')
#9 {main}
CRITICAL - 2021-12-05 01:55:52 --> CodeIgniter\Database\BaseResult::getResult(): Argument #1 ($type) must be of type string, null given, called in D:\xampp\htdocs\toko-online\vendor\codeigniter4\framework\system\Model.php on line 184
#0 D:\xampp\htdocs\toko-online\vendor\codeigniter4\framework\system\Model.php(184): CodeIgniter\Database\BaseResult->getResult(NULL)
#1 D:\xampp\htdocs\toko-online\vendor\codeigniter4\framework\system\BaseModel.php(584): CodeIgniter\Model->doFindAll(0, 0)
#2 D:\xampp\htdocs\toko-online\app\Models\m_barang.php(21): CodeIgniter\BaseModel->findAll()
#3 D:\xampp\htdocs\toko-online\app\Controllers\c_barang.php(17): App\Models\m_barang->getDataBarang()
#4 D:\xampp\htdocs\toko-online\vendor\codeigniter4\framework\system\CodeIgniter.php(824): App\Controllers\c_barang->index()
#5 D:\xampp\htdocs\toko-online\vendor\codeigniter4\framework\system\CodeIgniter.php(410): CodeIgniter\CodeIgniter->runController(Object(App\Controllers\c_barang))
#6 D:\xampp\htdocs\toko-online\vendor\codeigniter4\framework\system\CodeIgniter.php(318): CodeIgniter\CodeIgniter->handleRequest(NULL, Object(Config\Cache), false)
#7 D:\xampp\htdocs\toko-online\public\index.php(37): CodeIgniter\CodeIgniter->run()
#8 D:\xampp\htdocs\toko-online\vendor\codeigniter4\framework\system\Commands\Server\rewrite.php(43): require_once('D:\\xampp\\htdocs...')
#9 {main}
CRITICAL - 2021-12-05 01:55:59 --> CodeIgniter\Database\BaseResult::getResult(): Argument #1 ($type) must be of type string, null given, called in D:\xampp\htdocs\toko-online\vendor\codeigniter4\framework\system\Model.php on line 184
#0 D:\xampp\htdocs\toko-online\vendor\codeigniter4\framework\system\Model.php(184): CodeIgniter\Database\BaseResult->getResult(NULL)
#1 D:\xampp\htdocs\toko-online\vendor\codeigniter4\framework\system\BaseModel.php(584): CodeIgniter\Model->doFindAll(0, 0)
#2 D:\xampp\htdocs\toko-online\app\Models\m_barang.php(21): CodeIgniter\BaseModel->findAll()
#3 D:\xampp\htdocs\toko-online\app\Controllers\c_barang.php(17): App\Models\m_barang->getDataBarang()
#4 D:\xampp\htdocs\toko-online\vendor\codeigniter4\framework\system\CodeIgniter.php(824): App\Controllers\c_barang->index()
#5 D:\xampp\htdocs\toko-online\vendor\codeigniter4\framework\system\CodeIgniter.php(410): CodeIgniter\CodeIgniter->runController(Object(App\Controllers\c_barang))
#6 D:\xampp\htdocs\toko-online\vendor\codeigniter4\framework\system\CodeIgniter.php(318): CodeIgniter\CodeIgniter->handleRequest(NULL, Object(Config\Cache), false)
#7 D:\xampp\htdocs\toko-online\public\index.php(37): CodeIgniter\CodeIgniter->run()
#8 D:\xampp\htdocs\toko-online\vendor\codeigniter4\framework\system\Commands\Server\rewrite.php(43): require_once('D:\\xampp\\htdocs...')
#9 {main}
CRITICAL - 2021-12-05 01:56:40 --> CodeIgniter\Database\BaseResult::getResult(): Argument #1 ($type) must be of type string, null given, called in D:\xampp\htdocs\toko-online\vendor\codeigniter4\framework\system\Model.php on line 184
#0 D:\xampp\htdocs\toko-online\vendor\codeigniter4\framework\system\Model.php(184): CodeIgniter\Database\BaseResult->getResult(NULL)
#1 D:\xampp\htdocs\toko-online\vendor\codeigniter4\framework\system\BaseModel.php(584): CodeIgniter\Model->doFindAll(0, 0)
#2 D:\xampp\htdocs\toko-online\app\Models\m_barang.php(21): CodeIgniter\BaseModel->findAll()
#3 D:\xampp\htdocs\toko-online\app\Controllers\c_barang.php(17): App\Models\m_barang->getDataBarang()
#4 D:\xampp\htdocs\toko-online\vendor\codeigniter4\framework\system\CodeIgniter.php(824): App\Controllers\c_barang->index()
#5 D:\xampp\htdocs\toko-online\vendor\codeigniter4\framework\system\CodeIgniter.php(410): CodeIgniter\CodeIgniter->runController(Object(App\Controllers\c_barang))
#6 D:\xampp\htdocs\toko-online\vendor\codeigniter4\framework\system\CodeIgniter.php(318): CodeIgniter\CodeIgniter->handleRequest(NULL, Object(Config\Cache), false)
#7 D:\xampp\htdocs\toko-online\public\index.php(37): CodeIgniter\CodeIgniter->run()
#8 D:\xampp\htdocs\toko-online\vendor\codeigniter4\framework\system\Commands\Server\rewrite.php(43): require_once('D:\\xampp\\htdocs...')
#9 {main}
CRITICAL - 2021-12-05 02:01:38 --> json_decode(): Argument #1 ($json) must be of type string, array given
#0 D:\xampp\htdocs\toko-online\app\Controllers\c_barang.php(45): json_decode(Array)
#1 D:\xampp\htdocs\toko-online\vendor\codeigniter4\framework\system\CodeIgniter.php(824): App\Controllers\c_barang->cek()
#2 D:\xampp\htdocs\toko-online\vendor\codeigniter4\framework\system\CodeIgniter.php(410): CodeIgniter\CodeIgniter->runController(Object(App\Controllers\c_barang))
#3 D:\xampp\htdocs\toko-online\vendor\codeigniter4\framework\system\CodeIgniter.php(318): CodeIgniter\CodeIgniter->handleRequest(NULL, Object(Config\Cache), false)
#4 D:\xampp\htdocs\toko-online\public\index.php(37): CodeIgniter\CodeIgniter->run()
#5 D:\xampp\htdocs\toko-online\vendor\codeigniter4\framework\system\Commands\Server\rewrite.php(43): require_once('D:\\xampp\\htdocs...')
#6 {main}
CRITICAL - 2021-12-05 02:01:40 --> json_decode(): Argument #1 ($json) must be of type string, array given
#0 D:\xampp\htdocs\toko-online\app\Controllers\c_barang.php(45): json_decode(Array)
#1 D:\xampp\htdocs\toko-online\vendor\codeigniter4\framework\system\CodeIgniter.php(824): App\Controllers\c_barang->cek()
#2 D:\xampp\htdocs\toko-online\vendor\codeigniter4\framework\system\CodeIgniter.php(410): CodeIgniter\CodeIgniter->runController(Object(App\Controllers\c_barang))
#3 D:\xampp\htdocs\toko-online\vendor\codeigniter4\framework\system\CodeIgniter.php(318): CodeIgniter\CodeIgniter->handleRequest(NULL, Object(Config\Cache), false)
#4 D:\xampp\htdocs\toko-online\public\index.php(37): CodeIgniter\CodeIgniter->run()
#5 D:\xampp\htdocs\toko-online\vendor\codeigniter4\framework\system\Commands\Server\rewrite.php(43): require_once('D:\\xampp\\htdocs...')
#6 {main}
CRITICAL - 2021-12-05 02:01:41 --> json_decode(): Argument #1 ($json) must be of type string, array given
#0 D:\xampp\htdocs\toko-online\app\Controllers\c_barang.php(45): json_decode(Array)
#1 D:\xampp\htdocs\toko-online\vendor\codeigniter4\framework\system\CodeIgniter.php(824): App\Controllers\c_barang->cek()
#2 D:\xampp\htdocs\toko-online\vendor\codeigniter4\framework\system\CodeIgniter.php(410): CodeIgniter\CodeIgniter->runController(Object(App\Controllers\c_barang))
#3 D:\xampp\htdocs\toko-online\vendor\codeigniter4\framework\system\CodeIgniter.php(318): CodeIgniter\CodeIgniter->handleRequest(NULL, Object(Config\Cache), false)
#4 D:\xampp\htdocs\toko-online\public\index.php(37): CodeIgniter\CodeIgniter->run()
#5 D:\xampp\htdocs\toko-online\vendor\codeigniter4\framework\system\Commands\Server\rewrite.php(43): require_once('D:\\xampp\\htdocs...')
#6 {main}
CRITICAL - 2021-12-05 02:01:43 --> json_decode(): Argument #1 ($json) must be of type string, array given
#0 D:\xampp\htdocs\toko-online\app\Controllers\c_barang.php(45): json_decode(Array)
#1 D:\xampp\htdocs\toko-online\vendor\codeigniter4\framework\system\CodeIgniter.php(824): App\Controllers\c_barang->cek()
#2 D:\xampp\htdocs\toko-online\vendor\codeigniter4\framework\system\CodeIgniter.php(410): CodeIgniter\CodeIgniter->runController(Object(App\Controllers\c_barang))
#3 D:\xampp\htdocs\toko-online\vendor\codeigniter4\framework\system\CodeIgniter.php(318): CodeIgniter\CodeIgniter->handleRequest(NULL, Object(Config\Cache), false)
#4 D:\xampp\htdocs\toko-online\public\index.php(37): CodeIgniter\CodeIgniter->run()
#5 D:\xampp\htdocs\toko-online\vendor\codeigniter4\framework\system\Commands\Server\rewrite.php(43): require_once('D:\\xampp\\htdocs...')
#6 {main}
CRITICAL - 2021-12-05 02:07:29 --> json_decode(): Argument #1 ($json) must be of type string, array given
#0 D:\xampp\htdocs\toko-online\app\Controllers\c_barang.php(45): json_decode(Array)
#1 D:\xampp\htdocs\toko-online\vendor\codeigniter4\framework\system\CodeIgniter.php(824): App\Controllers\c_barang->cek()
#2 D:\xampp\htdocs\toko-online\vendor\codeigniter4\framework\system\CodeIgniter.php(410): CodeIgniter\CodeIgniter->runController(Object(App\Controllers\c_barang))
#3 D:\xampp\htdocs\toko-online\vendor\codeigniter4\framework\system\CodeIgniter.php(318): CodeIgniter\CodeIgniter->handleRequest(NULL, Object(Config\Cache), false)
#4 D:\xampp\htdocs\toko-online\public\index.php(37): CodeIgniter\CodeIgniter->run()
#5 D:\xampp\htdocs\toko-online\vendor\codeigniter4\framework\system\Commands\Server\rewrite.php(43): require_once('D:\\xampp\\htdocs...')
#6 {main}
CRITICAL - 2021-12-05 02:11:47 --> json_decode(): Argument #1 ($json) must be of type string, array given
#0 D:\xampp\htdocs\toko-online\app\Controllers\c_barang.php(45): json_decode(Array)
#1 D:\xampp\htdocs\toko-online\vendor\codeigniter4\framework\system\CodeIgniter.php(824): App\Controllers\c_barang->cek()
#2 D:\xampp\htdocs\toko-online\vendor\codeigniter4\framework\system\CodeIgniter.php(410): CodeIgniter\CodeIgniter->runController(Object(App\Controllers\c_barang))
#3 D:\xampp\htdocs\toko-online\vendor\codeigniter4\framework\system\CodeIgniter.php(318): CodeIgniter\CodeIgniter->handleRequest(NULL, Object(Config\Cache), false)
#4 D:\xampp\htdocs\toko-online\public\index.php(37): CodeIgniter\CodeIgniter->run()
#5 D:\xampp\htdocs\toko-online\vendor\codeigniter4\framework\system\Commands\Server\rewrite.php(43): require_once('D:\\xampp\\htdocs...')
#6 {main}
CRITICAL - 2021-12-05 02:13:31 --> json_decode(): Argument #1 ($json) must be of type string, array given
#0 D:\xampp\htdocs\toko-online\app\Controllers\c_barang.php(45): json_decode(Array)
#1 D:\xampp\htdocs\toko-online\vendor\codeigniter4\framework\system\CodeIgniter.php(824): App\Controllers\c_barang->cek()
#2 D:\xampp\htdocs\toko-online\vendor\codeigniter4\framework\system\CodeIgniter.php(410): CodeIgniter\CodeIgniter->runController(Object(App\Controllers\c_barang))
#3 D:\xampp\htdocs\toko-online\vendor\codeigniter4\framework\system\CodeIgniter.php(318): CodeIgniter\CodeIgniter->handleRequest(NULL, Object(Config\Cache), false)
#4 D:\xampp\htdocs\toko-online\public\index.php(37): CodeIgniter\CodeIgniter->run()
#5 D:\xampp\htdocs\toko-online\vendor\codeigniter4\framework\system\Commands\Server\rewrite.php(43): require_once('D:\\xampp\\htdocs...')
#6 {main}
CRITICAL - 2021-12-05 02:13:32 --> json_decode(): Argument #1 ($json) must be of type string, array given
#0 D:\xampp\htdocs\toko-online\app\Controllers\c_barang.php(45): json_decode(Array)
#1 D:\xampp\htdocs\toko-online\vendor\codeigniter4\framework\system\CodeIgniter.php(824): App\Controllers\c_barang->cek()
#2 D:\xampp\htdocs\toko-online\vendor\codeigniter4\framework\system\CodeIgniter.php(410): CodeIgniter\CodeIgniter->runController(Object(App\Controllers\c_barang))
#3 D:\xampp\htdocs\toko-online\vendor\codeigniter4\framework\system\CodeIgniter.php(318): CodeIgniter\CodeIgniter->handleRequest(NULL, Object(Config\Cache), false)
#4 D:\xampp\htdocs\toko-online\public\index.php(37): CodeIgniter\CodeIgniter->run()
#5 D:\xampp\htdocs\toko-online\vendor\codeigniter4\framework\system\Commands\Server\rewrite.php(43): require_once('D:\\xampp\\htdocs...')
#6 {main}
CRITICAL - 2021-12-05 02:17:40 --> Undefined property: App\Controllers\c_barang::$load
#0 D:\xampp\htdocs\toko-online\app\Controllers\c_barang.php(11): CodeIgniter\Debug\Exceptions->errorHandler(2, 'Undefined prope...', 'D:\\xampp\\htdocs...', 11)
#1 D:\xampp\htdocs\toko-online\vendor\codeigniter4\framework\system\CodeIgniter.php(801): App\Controllers\c_barang->__construct()
#2 D:\xampp\htdocs\toko-online\vendor\codeigniter4\framework\system\CodeIgniter.php(401): CodeIgniter\CodeIgniter->createController()
#3 D:\xampp\htdocs\toko-online\vendor\codeigniter4\framework\system\CodeIgniter.php(318): CodeIgniter\CodeIgniter->handleRequest(NULL, Object(Config\Cache), false)
#4 D:\xampp\htdocs\toko-online\public\index.php(37): CodeIgniter\CodeIgniter->run()
#5 D:\xampp\htdocs\toko-online\vendor\codeigniter4\framework\system\Commands\Server\rewrite.php(43): require_once('D:\\xampp\\htdocs...')
#6 {main}
CRITICAL - 2021-12-05 02:17:57 --> Undefined property: App\Controllers\c_barang::$load
#0 D:\xampp\htdocs\toko-online\app\Controllers\c_barang.php(11): CodeIgniter\Debug\Exceptions->errorHandler(2, 'Undefined prope...', 'D:\\xampp\\htdocs...', 11)
#1 D:\xampp\htdocs\toko-online\vendor\codeigniter4\framework\system\CodeIgniter.php(801): App\Controllers\c_barang->__construct()
#2 D:\xampp\htdocs\toko-online\vendor\codeigniter4\framework\system\CodeIgniter.php(401): CodeIgniter\CodeIgniter->createController()
#3 D:\xampp\htdocs\toko-online\vendor\codeigniter4\framework\system\CodeIgniter.php(318): CodeIgniter\CodeIgniter->handleRequest(NULL, Object(Config\Cache), false)
#4 D:\xampp\htdocs\toko-online\public\index.php(37): CodeIgniter\CodeIgniter->run()
#5 D:\xampp\htdocs\toko-online\vendor\codeigniter4\framework\system\Commands\Server\rewrite.php(43): require_once('D:\\xampp\\htdocs...')
#6 {main}
CRITICAL - 2021-12-05 02:18:15 --> json_decode(): Argument #1 ($json) must be of type string, array given
#0 D:\xampp\htdocs\toko-online\app\Controllers\c_barang.php(45): json_decode(Array)
#1 D:\xampp\htdocs\toko-online\vendor\codeigniter4\framework\system\CodeIgniter.php(824): App\Controllers\c_barang->cek()
#2 D:\xampp\htdocs\toko-online\vendor\codeigniter4\framework\system\CodeIgniter.php(410): CodeIgniter\CodeIgniter->runController(Object(App\Controllers\c_barang))
#3 D:\xampp\htdocs\toko-online\vendor\codeigniter4\framework\system\CodeIgniter.php(318): CodeIgniter\CodeIgniter->handleRequest(NULL, Object(Config\Cache), false)
#4 D:\xampp\htdocs\toko-online\public\index.php(37): CodeIgniter\CodeIgniter->run()
#5 D:\xampp\htdocs\toko-online\vendor\codeigniter4\framework\system\Commands\Server\rewrite.php(43): require_once('D:\\xampp\\htdocs...')
#6 {main}
CRITICAL - 2021-12-05 03:03:33 --> Undefined variable $barang
#0 D:\xampp\htdocs\toko-online\app\Views\v_barang.php(7): CodeIgniter\Debug\Exceptions->errorHandler(2, 'Undefined varia...', 'D:\\xampp\\htdocs...', 7)
#1 D:\xampp\htdocs\toko-online\vendor\codeigniter4\framework\system\View\View.php(214): include('D:\\xampp\\htdocs...')
#2 D:\xampp\htdocs\toko-online\vendor\codeigniter4\framework\system\View\View.php(217): CodeIgniter\View\View->CodeIgniter\View\{closure}()
#3 D:\xampp\htdocs\toko-online\vendor\codeigniter4\framework\system\Common.php(1097): CodeIgniter\View\View->render('v_barang', Array, true)
#4 D:\xampp\htdocs\toko-online\app\Controllers\c_barang.php(37): view('v_barang')
#5 D:\xampp\htdocs\toko-online\vendor\codeigniter4\framework\system\CodeIgniter.php(824): App\Controllers\c_barang->addCart()
#6 D:\xampp\htdocs\toko-online\vendor\codeigniter4\framework\system\CodeIgniter.php(410): CodeIgniter\CodeIgniter->runController(Object(App\Controllers\c_barang))
#7 D:\xampp\htdocs\toko-online\vendor\codeigniter4\framework\system\CodeIgniter.php(318): CodeIgniter\CodeIgniter->handleRequest(NULL, Object(Config\Cache), false)
#8 D:\xampp\htdocs\toko-online\public\index.php(37): CodeIgniter\CodeIgniter->run()
#9 D:\xampp\htdocs\toko-online\vendor\codeigniter4\framework\system\Commands\Server\rewrite.php(43): require_once('D:\\xampp\\htdocs...')
#10 {main}
CRITICAL - 2021-12-05 03:24:31 --> Call to undefined method CodeIgniter\Session\Session::set_flashdata()
#0 D:\xampp\htdocs\toko-online\vendor\codeigniter4\framework\system\CodeIgniter.php(824): App\Controllers\c_barang->addCart()
#1 D:\xampp\htdocs\toko-online\vendor\codeigniter4\framework\system\CodeIgniter.php(410): CodeIgniter\CodeIgniter->runController(Object(App\Controllers\c_barang))
#2 D:\xampp\htdocs\toko-online\vendor\codeigniter4\framework\system\CodeIgniter.php(318): CodeIgniter\CodeIgniter->handleRequest(NULL, Object(Config\Cache), false)
#3 D:\xampp\htdocs\toko-online\public\index.php(37): CodeIgniter\CodeIgniter->run()
#4 D:\xampp\htdocs\toko-online\vendor\codeigniter4\framework\system\Commands\Server\rewrite.php(43): require_once('D:\\xampp\\htdocs...')
#5 {main}
CRITICAL - 2021-12-05 04:05:06 --> Undefined variable $cart
#0 D:\xampp\htdocs\toko-online\app\Views\v_cart.php(17): CodeIgniter\Debug\Exceptions->errorHandler(2, 'Undefined varia...', 'D:\\xampp\\htdocs...', 17)
#1 D:\xampp\htdocs\toko-online\vendor\codeigniter4\framework\system\View\View.php(214): include('D:\\xampp\\htdocs...')
#2 D:\xampp\htdocs\toko-online\vendor\codeigniter4\framework\system\View\View.php(217): CodeIgniter\View\View->CodeIgniter\View\{closure}()
#3 D:\xampp\htdocs\toko-online\vendor\codeigniter4\framework\system\Common.php(1097): CodeIgniter\View\View->render('v_cart', Array, true)
#4 D:\xampp\htdocs\toko-online\app\Controllers\c_barang.php(56): view('v_cart')
#5 D:\xampp\htdocs\toko-online\vendor\codeigniter4\framework\system\CodeIgniter.php(824): App\Controllers\c_barang->clear()
#6 D:\xampp\htdocs\toko-online\vendor\codeigniter4\framework\system\CodeIgniter.php(410): CodeIgniter\CodeIgniter->runController(Object(App\Controllers\c_barang))
#7 D:\xampp\htdocs\toko-online\vendor\codeigniter4\framework\system\CodeIgniter.php(318): CodeIgniter\CodeIgniter->handleRequest(NULL, Object(Config\Cache), false)
#8 D:\xampp\htdocs\toko-online\public\index.php(37): CodeIgniter\CodeIgniter->run()
#9 D:\xampp\htdocs\toko-online\vendor\codeigniter4\framework\system\Commands\Server\rewrite.php(43): require_once('D:\\xampp\\htdocs...')
#10 {main}
CRITICAL - 2021-12-05 04:06:04 --> Undefined variable $cart
#0 D:\xampp\htdocs\toko-online\app\Views\v_cart.php(17): CodeIgniter\Debug\Exceptions->errorHandler(2, 'Undefined varia...', 'D:\\xampp\\htdocs...', 17)
#1 D:\xampp\htdocs\toko-online\vendor\codeigniter4\framework\system\View\View.php(214): include('D:\\xampp\\htdocs...')
#2 D:\xampp\htdocs\toko-online\vendor\codeigniter4\framework\system\View\View.php(217): CodeIgniter\View\View->CodeIgniter\View\{closure}()
#3 D:\xampp\htdocs\toko-online\vendor\codeigniter4\framework\system\Common.php(1097): CodeIgniter\View\View->render('v_cart', Array, true)
#4 D:\xampp\htdocs\toko-online\app\Controllers\c_barang.php(56): view('v_cart')
#5 D:\xampp\htdocs\toko-online\vendor\codeigniter4\framework\system\CodeIgniter.php(824): App\Controllers\c_barang->clear()
#6 D:\xampp\htdocs\toko-online\vendor\codeigniter4\framework\system\CodeIgniter.php(410): CodeIgniter\CodeIgniter->runController(Object(App\Controllers\c_barang))
#7 D:\xampp\htdocs\toko-online\vendor\codeigniter4\framework\system\CodeIgniter.php(318): CodeIgniter\CodeIgniter->handleRequest(NULL, Object(Config\Cache), false)
#8 D:\xampp\htdocs\toko-online\public\index.php(37): CodeIgniter\CodeIgniter->run()
#9 D:\xampp\htdocs\toko-online\vendor\codeigniter4\framework\system\Commands\Server\rewrite.php(43): require_once('D:\\xampp\\htdocs...')
#10 {main}
CRITICAL - 2021-12-05 04:08:35 --> Undefined variable $cart
#0 D:\xampp\htdocs\toko-online\app\Views\v_cart.php(17): CodeIgniter\Debug\Exceptions->errorHandler(2, 'Undefined varia...', 'D:\\xampp\\htdocs...', 17)
#1 D:\xampp\htdocs\toko-online\vendor\codeigniter4\framework\system\View\View.php(214): include('D:\\xampp\\htdocs...')
#2 D:\xampp\htdocs\toko-online\vendor\codeigniter4\framework\system\View\View.php(217): CodeIgniter\View\View->CodeIgniter\View\{closure}()
#3 D:\xampp\htdocs\toko-online\vendor\codeigniter4\framework\system\Common.php(1097): CodeIgniter\View\View->render('v_cart', Array, true)
#4 D:\xampp\htdocs\toko-online\app\Controllers\c_barang.php(56): view('v_cart')
#5 D:\xampp\htdocs\toko-online\vendor\codeigniter4\framework\system\CodeIgniter.php(824): App\Controllers\c_barang->clear()
#6 D:\xampp\htdocs\toko-online\vendor\codeigniter4\framework\system\CodeIgniter.php(410): CodeIgniter\CodeIgniter->runController(Object(App\Controllers\c_barang))
#7 D:\xampp\htdocs\toko-online\vendor\codeigniter4\framework\system\CodeIgniter.php(318): CodeIgniter\CodeIgniter->handleRequest(NULL, Object(Config\Cache), false)
#8 D:\xampp\htdocs\toko-online\public\index.php(37): CodeIgniter\CodeIgniter->run()
#9 D:\xampp\htdocs\toko-online\vendor\codeigniter4\framework\system\Commands\Server\rewrite.php(43): require_once('D:\\xampp\\htdocs...')
#10 {main}
CRITICAL - 2021-12-05 04:08:37 --> Undefined variable $cart
#0 D:\xampp\htdocs\toko-online\app\Views\v_cart.php(17): CodeIgniter\Debug\Exceptions->errorHandler(2, 'Undefined varia...', 'D:\\xampp\\htdocs...', 17)
#1 D:\xampp\htdocs\toko-online\vendor\codeigniter4\framework\system\View\View.php(214): include('D:\\xampp\\htdocs...')
#2 D:\xampp\htdocs\toko-online\vendor\codeigniter4\framework\system\View\View.php(217): CodeIgniter\View\View->CodeIgniter\View\{closure}()
#3 D:\xampp\htdocs\toko-online\vendor\codeigniter4\framework\system\Common.php(1097): CodeIgniter\View\View->render('v_cart', Array, true)
#4 D:\xampp\htdocs\toko-online\app\Controllers\c_barang.php(56): view('v_cart')
#5 D:\xampp\htdocs\toko-online\vendor\codeigniter4\framework\system\CodeIgniter.php(824): App\Controllers\c_barang->clear()
#6 D:\xampp\htdocs\toko-online\vendor\codeigniter4\framework\system\CodeIgniter.php(410): CodeIgniter\CodeIgniter->runController(Object(App\Controllers\c_barang))
#7 D:\xampp\htdocs\toko-online\vendor\codeigniter4\framework\system\CodeIgniter.php(318): CodeIgniter\CodeIgniter->handleRequest(NULL, Object(Config\Cache), false)
#8 D:\xampp\htdocs\toko-online\public\index.php(37): CodeIgniter\CodeIgniter->run()
#9 D:\xampp\htdocs\toko-online\vendor\codeigniter4\framework\system\Commands\Server\rewrite.php(43): require_once('D:\\xampp\\htdocs...')
#10 {main}
CRITICAL - 2021-12-05 04:10:09 --> Undefined variable $cart
#0 D:\xampp\htdocs\toko-online\app\Views\v_cart.php(17): CodeIgniter\Debug\Exceptions->errorHandler(2, 'Undefined varia...', 'D:\\xampp\\htdocs...', 17)
#1 D:\xampp\htdocs\toko-online\vendor\codeigniter4\framework\system\View\View.php(214): include('D:\\xampp\\htdocs...')
#2 D:\xampp\htdocs\toko-online\vendor\codeigniter4\framework\system\View\View.php(217): CodeIgniter\View\View->CodeIgniter\View\{closure}()
#3 D:\xampp\htdocs\toko-online\vendor\codeigniter4\framework\system\Common.php(1097): CodeIgniter\View\View->render('v_cart', Array, true)
#4 D:\xampp\htdocs\toko-online\app\Controllers\c_barang.php(56): view('v_cart')
#5 D:\xampp\htdocs\toko-online\vendor\codeigniter4\framework\system\CodeIgniter.php(824): App\Controllers\c_barang->clear()
#6 D:\xampp\htdocs\toko-online\vendor\codeigniter4\framework\system\CodeIgniter.php(410): CodeIgniter\CodeIgniter->runController(Object(App\Controllers\c_barang))
#7 D:\xampp\htdocs\toko-online\vendor\codeigniter4\framework\system\CodeIgniter.php(318): CodeIgniter\CodeIgniter->handleRequest(NULL, Object(Config\Cache), false)
#8 D:\xampp\htdocs\toko-online\public\index.php(37): CodeIgniter\CodeIgniter->run()
#9 D:\xampp\htdocs\toko-online\vendor\codeigniter4\framework\system\Commands\Server\rewrite.php(43): require_once('D:\\xampp\\htdocs...')
#10 {main}
CRITICAL - 2021-12-05 04:15:36 --> Undefined variable $cart
#0 D:\xampp\htdocs\toko-online\app\Views\v_cart.php(17): CodeIgniter\Debug\Exceptions->errorHandler(2, 'Undefined varia...', 'D:\\xampp\\htdocs...', 17)
#1 D:\xampp\htdocs\toko-online\vendor\codeigniter4\framework\system\View\View.php(214): include('D:\\xampp\\htdocs...')
#2 D:\xampp\htdocs\toko-online\vendor\codeigniter4\framework\system\View\View.php(217): CodeIgniter\View\View->CodeIgniter\View\{closure}()
#3 D:\xampp\htdocs\toko-online\vendor\codeigniter4\framework\system\Common.php(1097): CodeIgniter\View\View->render('v_cart', Array, true)
#4 D:\xampp\htdocs\toko-online\app\Controllers\c_barang.php(56): view('v_cart')
#5 D:\xampp\htdocs\toko-online\vendor\codeigniter4\framework\system\CodeIgniter.php(824): App\Controllers\c_barang->clear()
#6 D:\xampp\htdocs\toko-online\vendor\codeigniter4\framework\system\CodeIgniter.php(410): CodeIgniter\CodeIgniter->runController(Object(App\Controllers\c_barang))
#7 D:\xampp\htdocs\toko-online\vendor\codeigniter4\framework\system\CodeIgniter.php(318): CodeIgniter\CodeIgniter->handleRequest(NULL, Object(Config\Cache), false)
#8 D:\xampp\htdocs\toko-online\public\index.php(37): CodeIgniter\CodeIgniter->run()
#9 D:\xampp\htdocs\toko-online\vendor\codeigniter4\framework\system\Commands\Server\rewrite.php(43): require_once('D:\\xampp\\htdocs...')
#10 {main}
